2023-08-07 12:17:31,578.continuous_location.INFO =============================================================
2023-08-07 12:17:31,579.continuous_location.INFO Today is 2023-08-07 at 12:17 PM
2023-08-07 12:17:31,596.continuous_location.INFO This file is running on: nt Windows 10
2023-08-07 12:17:31,596.continuous_location.INFO The Python version is: 3.11.4
2023-08-07 12:17:31,596.continuous_location.INFO The active environment path is:   C:\Users\ctrog\OneDrive\Documents\Data Analytics Masters\GIT Hub\cintel-05-live-updates\.venv
2023-08-07 12:17:31,599.continuous_location.INFO The current working directory is: C:\Users\ctrog\OneDrive\Documents\Data Analytics Masters\GIT Hub\cintel-05-live-updates
2023-08-07 12:17:31,599.continuous_location.INFO =============================================================
2023-08-07 12:17:50,389.continuous_location.INFO Calling update_csv_location
2023-08-07 12:17:50,392.continuous_location.INFO update_interval: 60
2023-08-07 12:17:50,393.continuous_location.INFO total_runtime: 900
2023-08-07 12:17:50,393.continuous_location.INFO num_updates: 10
2023-08-07 12:17:50,394.continuous_location.INFO Initialized csv file at C:\Users\ctrog\OneDrive\Documents\Data Analytics Masters\GIT Hub\cintel-05-live-updates\data\mtcars_location.csv
2023-08-07 12:17:50,395.continuous_location.INFO Calling get_temperature_from_openweathermap for {lat}, {long}}
2023-08-07 12:17:50,397.continuous_location.INFO Calling fetch_from_url for https://api.openweathermap.org/data/2.5/weather?lat=47.903237&lon=-91.867087&appid=81579cec5f063b66d5479b9bd4a80b6d&units=imperial
2023-08-07 12:17:51,551.continuous_location.INFO Data from openweathermap: <fetch.HttpResponse object at 0x000001A0108D37D0>
2023-08-07 12:17:51,551.continuous_location.INFO Calling get_temperature_from_openweathermap for {lat}, {long}}
2023-08-07 12:17:51,551.continuous_location.INFO Calling fetch_from_url for https://api.openweathermap.org/data/2.5/weather?lat=36.5323&lon=-116.93&appid=81579cec5f063b66d5479b9bd4a80b6d&units=imperial
2023-08-07 12:17:51,927.continuous_location.INFO Data from openweathermap: <fetch.HttpResponse object at 0x000001A0108D1990>
2023-08-07 12:17:51,927.continuous_location.INFO Calling get_temperature_from_openweathermap for {lat}, {long}}
2023-08-07 12:17:51,927.continuous_location.INFO Calling fetch_from_url for https://api.openweathermap.org/data/2.5/weather?lat=40.346102&lon=-94.872471&appid=81579cec5f063b66d5479b9bd4a80b6d&units=imperial
2023-08-07 12:17:52,334.continuous_location.INFO Data from openweathermap: <fetch.HttpResponse object at 0x000001A0108D1450>
2023-08-07 12:17:52,334.continuous_location.INFO Saving temperatures to C:\Users\ctrog\OneDrive\Documents\Data Analytics Masters\GIT Hub\cintel-05-live-updates\data\mtcars_location.csv
